<?xml version="1.0" encoding="UTF-8"?>
<testsuite xmlns:xsi="http://www.w3.org/2001/XMLSchema-instance" xsi:noNamespaceSchemaLocation="https://maven.apache.org/surefire/maven-surefire-plugin/xsd/surefire-test-report-3.0.xsd" version="3.0" name="TestSuite" time="5.476" tests="1" errors="0" skipped="0" failures="0">
  <properties>
    <property name="sun.desktop" value="windows"/>
    <property name="awt.toolkit" value="sun.awt.windows.WToolkit"/>
    <property name="java.specification.version" value="11"/>
    <property name="sun.cpu.isalist" value="amd64"/>
    <property name="sun.jnu.encoding" value="Cp1252"/>
    <property name="java.class.path" value="C:\Users\OpU N NiShi\eclipse-workspace\api-automation-practice-one\target\test-classes;C:\Users\OpU N NiShi\eclipse-workspace\api-automation-practice-one\target\classes;C:\Users\OpU N NiShi\.m2\repository\io\rest-assured\rest-assured\4.2.0\rest-assured-4.2.0.jar;C:\Users\OpU N NiShi\.m2\repository\org\codehaus\groovy\groovy-xml\2.5.8\groovy-xml-2.5.8.jar;C:\Users\OpU N NiShi\.m2\repository\org\apache\httpcomponents\httpclient\4.5.3\httpclient-4.5.3.jar;C:\Users\OpU N NiShi\.m2\repository\org\apache\httpcomponents\httpcore\4.4.6\httpcore-4.4.6.jar;C:\Users\OpU N NiShi\.m2\repository\commons-logging\commons-logging\1.2\commons-logging-1.2.jar;C:\Users\OpU N NiShi\.m2\repository\org\apache\httpcomponents\httpmime\4.5.3\httpmime-4.5.3.jar;C:\Users\OpU N NiShi\.m2\repository\org\hamcrest\hamcrest\2.1\hamcrest-2.1.jar;C:\Users\OpU N NiShi\.m2\repository\org\ccil\cowan\tagsoup\tagsoup\1.2.1\tagsoup-1.2.1.jar;C:\Users\OpU N NiShi\.m2\repository\io\rest-assured\json-path\4.2.0\json-path-4.2.0.jar;C:\Users\OpU N NiShi\.m2\repository\org\codehaus\groovy\groovy-json\2.5.8\groovy-json-2.5.8.jar;C:\Users\OpU N NiShi\.m2\repository\io\rest-assured\rest-assured-common\4.2.0\rest-assured-common-4.2.0.jar;C:\Users\OpU N NiShi\.m2\repository\io\rest-assured\xml-path\4.2.0\xml-path-4.2.0.jar;C:\Users\OpU N NiShi\.m2\repository\jakarta\xml\bind\jakarta.xml.bind-api\2.3.2\jakarta.xml.bind-api-2.3.2.jar;C:\Users\OpU N NiShi\.m2\repository\jakarta\activation\jakarta.activation-api\1.2.1\jakarta.activation-api-1.2.1.jar;C:\Users\OpU N NiShi\.m2\repository\com\sun\xml\bind\jaxb-osgi\2.3.0.1\jaxb-osgi-2.3.0.1.jar;C:\Users\OpU N NiShi\.m2\repository\org\apache\sling\org.apache.sling.javax.activation\0.1.0\org.apache.sling.javax.activation-0.1.0.jar;C:\Users\OpU N NiShi\.m2\repository\javax\activation\activation\1.1.1\activation-1.1.1.jar;C:\Users\OpU N NiShi\.m2\repository\org\codehaus\groovy\groovy\3.0.3\groovy-3.0.3.jar;C:\Users\OpU N NiShi\.m2\repository\org\apache\poi\poi\3.17\poi-3.17.jar;C:\Users\OpU N NiShi\.m2\repository\commons-codec\commons-codec\1.10\commons-codec-1.10.jar;C:\Users\OpU N NiShi\.m2\repository\org\apache\commons\commons-collections4\4.1\commons-collections4-4.1.jar;C:\Users\OpU N NiShi\.m2\repository\org\apache\poi\poi-ooxml\3.17\poi-ooxml-3.17.jar;C:\Users\OpU N NiShi\.m2\repository\org\apache\poi\poi-ooxml-schemas\3.17\poi-ooxml-schemas-3.17.jar;C:\Users\OpU N NiShi\.m2\repository\org\apache\xmlbeans\xmlbeans\2.6.0\xmlbeans-2.6.0.jar;C:\Users\OpU N NiShi\.m2\repository\stax\stax-api\1.0.1\stax-api-1.0.1.jar;C:\Users\OpU N NiShi\.m2\repository\com\github\virtuald\curvesapi\1.04\curvesapi-1.04.jar;C:\Users\OpU N NiShi\.m2\repository\org\json\json\20211205\json-20211205.jar;C:\Users\OpU N NiShi\.m2\repository\com\aventstack\extentreports\4.0.9\extentreports-4.0.9.jar;C:\Users\OpU N NiShi\.m2\repository\org\freemarker\freemarker\2.3.23\freemarker-2.3.23.jar;C:\Users\OpU N NiShi\.m2\repository\org\mongodb\mongodb-driver\3.3.0\mongodb-driver-3.3.0.jar;C:\Users\OpU N NiShi\.m2\repository\org\mongodb\mongodb-driver-core\3.3.0\mongodb-driver-core-3.3.0.jar;C:\Users\OpU N NiShi\.m2\repository\org\mongodb\bson\3.3.0\bson-3.3.0.jar;C:\Users\OpU N NiShi\.m2\repository\com\google\code\gson\gson\2.8.5\gson-2.8.5.jar;C:\Users\OpU N NiShi\.m2\repository\org\testng\testng\7.4.0\testng-7.4.0.jar;C:\Users\OpU N NiShi\.m2\repository\com\beust\jcommander\1.78\jcommander-1.78.jar;C:\Users\OpU N NiShi\.m2\repository\org\webjars\jquery\3.5.1\jquery-3.5.1.jar;C:\Users\OpU N NiShi\.m2\repository\io\cucumber\cucumber-testng\4.7.1\cucumber-testng-4.7.1.jar;C:\Users\OpU N NiShi\.m2\repository\org\apiguardian\apiguardian-api\1.1.0\apiguardian-api-1.1.0.jar;C:\Users\OpU N NiShi\.m2\repository\io\cucumber\cucumber-core\4.7.1\cucumber-core-4.7.1.jar;C:\Users\OpU N NiShi\.m2\repository\io\cucumber\gherkin\5.1.0\gherkin-5.1.0.jar;C:\Users\OpU N NiShi\.m2\repository\io\cucumber\tag-expressions\1.1.1\tag-expressions-1.1.1.jar;C:\Users\OpU N NiShi\.m2\repository\io\cucumber\cucumber-expressions\7.0.2\cucumber-expressions-7.0.2.jar;C:\Users\OpU N NiShi\.m2\repository\io\cucumber\datatable\1.1.14\datatable-1.1.14.jar;C:\Users\OpU N NiShi\.m2\repository\io\cucumber\datatable-dependencies\1.1.14\datatable-dependencies-1.1.14.jar;C:\Users\OpU N NiShi\.m2\repository\io\cucumber\cucumber-picocontainer\4.7.1\cucumber-picocontainer-4.7.1.jar;C:\Users\OpU N NiShi\.m2\repository\io\cucumber\cucumber-java\4.7.1\cucumber-java-4.7.1.jar;C:\Users\OpU N NiShi\.m2\repository\org\picocontainer\picocontainer\2.15\picocontainer-2.15.jar;C:\Users\OpU N NiShi\.m2\repository\net\masterthought\cucumber-reporting\4.7.0\cucumber-reporting-4.7.0.jar;C:\Users\OpU N NiShi\.m2\repository\com\fasterxml\jackson\core\jackson-databind\2.9.8\jackson-databind-2.9.8.jar;C:\Users\OpU N NiShi\.m2\repository\com\fasterxml\jackson\core\jackson-annotations\2.9.0\jackson-annotations-2.9.0.jar;C:\Users\OpU N NiShi\.m2\repository\com\fasterxml\jackson\core\jackson-core\2.9.8\jackson-core-2.9.8.jar;C:\Users\OpU N NiShi\.m2\repository\org\apache\velocity\velocity\1.7\velocity-1.7.jar;C:\Users\OpU N NiShi\.m2\repository\commons-collections\commons-collections\3.2.1\commons-collections-3.2.1.jar;C:\Users\OpU N NiShi\.m2\repository\commons-lang\commons-lang\2.4\commons-lang-2.4.jar;C:\Users\OpU N NiShi\.m2\repository\velocity-tools\velocity-tools\1.4\velocity-tools-1.4.jar;C:\Users\OpU N NiShi\.m2\repository\joda-time\joda-time\2.10.1\joda-time-2.10.1.jar;C:\Users\OpU N NiShi\.m2\repository\org\apache\commons\commons-lang3\3.8.1\commons-lang3-3.8.1.jar;C:\Users\OpU N NiShi\.m2\repository\commons-io\commons-io\2.6\commons-io-2.6.jar;C:\Users\OpU N NiShi\.m2\repository\org\codehaus\plexus\plexus-utils\3.1.1\plexus-utils-3.1.1.jar;C:\Users\OpU N NiShi\.m2\repository\org\jsoup\jsoup\1.11.3\jsoup-1.11.3.jar;C:\Users\OpU N NiShi\.m2\repository\com\googlecode\owasp-java-html-sanitizer\owasp-java-html-sanitizer\20190325.1\owasp-java-html-sanitizer-20190325.1.jar;C:\Users\OpU N NiShi\.m2\repository\com\google\guava\guava\27.1-jre\guava-27.1-jre.jar;C:\Users\OpU N NiShi\.m2\repository\com\google\guava\failureaccess\1.0.1\failureaccess-1.0.1.jar;C:\Users\OpU N NiShi\.m2\repository\com\google\guava\listenablefuture\9999.0-empty-to-avoid-conflict-with-guava\listenablefuture-9999.0-empty-to-avoid-conflict-with-guava.jar;C:\Users\OpU N NiShi\.m2\repository\com\google\code\findbugs\jsr305\3.0.2\jsr305-3.0.2.jar;C:\Users\OpU N NiShi\.m2\repository\org\checkerframework\checker-qual\2.5.2\checker-qual-2.5.2.jar;C:\Users\OpU N NiShi\.m2\repository\com\google\errorprone\error_prone_annotations\2.2.0\error_prone_annotations-2.2.0.jar;C:\Users\OpU N NiShi\.m2\repository\com\google\j2objc\j2objc-annotations\1.1\j2objc-annotations-1.1.jar;C:\Users\OpU N NiShi\.m2\repository\org\codehaus\mojo\animal-sniffer-annotations\1.17\animal-sniffer-annotations-1.17.jar;C:\Users\OpU N NiShi\.m2\repository\commons-configuration\commons-configuration\1.10\commons-configuration-1.10.jar;C:\Users\OpU N NiShi\.m2\repository\org\hamcrest\hamcrest-core\2.2\hamcrest-core-2.2.jar;"/>
    <property name="java.vm.vendor" value="Oracle Corporation"/>
    <property name="sun.arch.data.model" value="64"/>
    <property name="user.variant" value=""/>
    <property name="java.vendor.url" value="https://openjdk.java.net/"/>
    <property name="user.timezone" value="America/New_York"/>
    <property name="java.vm.specification.version" value="11"/>
    <property name="os.name" value="Windows 10"/>
    <property name="sun.java.launcher" value="SUN_STANDARD"/>
    <property name="user.country" value="US"/>
    <property name="sun.boot.library.path" value="C:\Program Files\Java\jdk-11.0.16\bin"/>
    <property name="sun.java.command" value="C:\Users\OpU N NiShi\AppData\Local\Temp\surefire3596854516485779208\surefirebooter-20230108215132485_3.jar C:\Users\OpU N NiShi\AppData\Local\Temp\surefire3596854516485779208 2023-01-08T21-51-31_758-jvmRun1 surefire-20230108215132485_1tmp surefire_0-20230108215132485_2tmp"/>
    <property name="jdk.debug" value="release"/>
    <property name="surefire.test.class.path" value="C:\Users\OpU N NiShi\eclipse-workspace\api-automation-practice-one\target\test-classes;C:\Users\OpU N NiShi\eclipse-workspace\api-automation-practice-one\target\classes;C:\Users\OpU N NiShi\.m2\repository\io\rest-assured\rest-assured\4.2.0\rest-assured-4.2.0.jar;C:\Users\OpU N NiShi\.m2\repository\org\codehaus\groovy\groovy-xml\2.5.8\groovy-xml-2.5.8.jar;C:\Users\OpU N NiShi\.m2\repository\org\apache\httpcomponents\httpclient\4.5.3\httpclient-4.5.3.jar;C:\Users\OpU N NiShi\.m2\repository\org\apache\httpcomponents\httpcore\4.4.6\httpcore-4.4.6.jar;C:\Users\OpU N NiShi\.m2\repository\commons-logging\commons-logging\1.2\commons-logging-1.2.jar;C:\Users\OpU N NiShi\.m2\repository\org\apache\httpcomponents\httpmime\4.5.3\httpmime-4.5.3.jar;C:\Users\OpU N NiShi\.m2\repository\org\hamcrest\hamcrest\2.1\hamcrest-2.1.jar;C:\Users\OpU N NiShi\.m2\repository\org\ccil\cowan\tagsoup\tagsoup\1.2.1\tagsoup-1.2.1.jar;C:\Users\OpU N NiShi\.m2\repository\io\rest-assured\json-path\4.2.0\json-path-4.2.0.jar;C:\Users\OpU N NiShi\.m2\repository\org\codehaus\groovy\groovy-json\2.5.8\groovy-json-2.5.8.jar;C:\Users\OpU N NiShi\.m2\repository\io\rest-assured\rest-assured-common\4.2.0\rest-assured-common-4.2.0.jar;C:\Users\OpU N NiShi\.m2\repository\io\rest-assured\xml-path\4.2.0\xml-path-4.2.0.jar;C:\Users\OpU N NiShi\.m2\repository\jakarta\xml\bind\jakarta.xml.bind-api\2.3.2\jakarta.xml.bind-api-2.3.2.jar;C:\Users\OpU N NiShi\.m2\repository\jakarta\activation\jakarta.activation-api\1.2.1\jakarta.activation-api-1.2.1.jar;C:\Users\OpU N NiShi\.m2\repository\com\sun\xml\bind\jaxb-osgi\2.3.0.1\jaxb-osgi-2.3.0.1.jar;C:\Users\OpU N NiShi\.m2\repository\org\apache\sling\org.apache.sling.javax.activation\0.1.0\org.apache.sling.javax.activation-0.1.0.jar;C:\Users\OpU N NiShi\.m2\repository\javax\activation\activation\1.1.1\activation-1.1.1.jar;C:\Users\OpU N NiShi\.m2\repository\org\codehaus\groovy\groovy\3.0.3\groovy-3.0.3.jar;C:\Users\OpU N NiShi\.m2\repository\org\apache\poi\poi\3.17\poi-3.17.jar;C:\Users\OpU N NiShi\.m2\repository\commons-codec\commons-codec\1.10\commons-codec-1.10.jar;C:\Users\OpU N NiShi\.m2\repository\org\apache\commons\commons-collections4\4.1\commons-collections4-4.1.jar;C:\Users\OpU N NiShi\.m2\repository\org\apache\poi\poi-ooxml\3.17\poi-ooxml-3.17.jar;C:\Users\OpU N NiShi\.m2\repository\org\apache\poi\poi-ooxml-schemas\3.17\poi-ooxml-schemas-3.17.jar;C:\Users\OpU N NiShi\.m2\repository\org\apache\xmlbeans\xmlbeans\2.6.0\xmlbeans-2.6.0.jar;C:\Users\OpU N NiShi\.m2\repository\stax\stax-api\1.0.1\stax-api-1.0.1.jar;C:\Users\OpU N NiShi\.m2\repository\com\github\virtuald\curvesapi\1.04\curvesapi-1.04.jar;C:\Users\OpU N NiShi\.m2\repository\org\json\json\20211205\json-20211205.jar;C:\Users\OpU N NiShi\.m2\repository\com\aventstack\extentreports\4.0.9\extentreports-4.0.9.jar;C:\Users\OpU N NiShi\.m2\repository\org\freemarker\freemarker\2.3.23\freemarker-2.3.23.jar;C:\Users\OpU N NiShi\.m2\repository\org\mongodb\mongodb-driver\3.3.0\mongodb-driver-3.3.0.jar;C:\Users\OpU N NiShi\.m2\repository\org\mongodb\mongodb-driver-core\3.3.0\mongodb-driver-core-3.3.0.jar;C:\Users\OpU N NiShi\.m2\repository\org\mongodb\bson\3.3.0\bson-3.3.0.jar;C:\Users\OpU N NiShi\.m2\repository\com\google\code\gson\gson\2.8.5\gson-2.8.5.jar;C:\Users\OpU N NiShi\.m2\repository\org\testng\testng\7.4.0\testng-7.4.0.jar;C:\Users\OpU N NiShi\.m2\repository\com\beust\jcommander\1.78\jcommander-1.78.jar;C:\Users\OpU N NiShi\.m2\repository\org\webjars\jquery\3.5.1\jquery-3.5.1.jar;C:\Users\OpU N NiShi\.m2\repository\io\cucumber\cucumber-testng\4.7.1\cucumber-testng-4.7.1.jar;C:\Users\OpU N NiShi\.m2\repository\org\apiguardian\apiguardian-api\1.1.0\apiguardian-api-1.1.0.jar;C:\Users\OpU N NiShi\.m2\repository\io\cucumber\cucumber-core\4.7.1\cucumber-core-4.7.1.jar;C:\Users\OpU N NiShi\.m2\repository\io\cucumber\gherkin\5.1.0\gherkin-5.1.0.jar;C:\Users\OpU N NiShi\.m2\repository\io\cucumber\tag-expressions\1.1.1\tag-expressions-1.1.1.jar;C:\Users\OpU N NiShi\.m2\repository\io\cucumber\cucumber-expressions\7.0.2\cucumber-expressions-7.0.2.jar;C:\Users\OpU N NiShi\.m2\repository\io\cucumber\datatable\1.1.14\datatable-1.1.14.jar;C:\Users\OpU N NiShi\.m2\repository\io\cucumber\datatable-dependencies\1.1.14\datatable-dependencies-1.1.14.jar;C:\Users\OpU N NiShi\.m2\repository\io\cucumber\cucumber-picocontainer\4.7.1\cucumber-picocontainer-4.7.1.jar;C:\Users\OpU N NiShi\.m2\repository\io\cucumber\cucumber-java\4.7.1\cucumber-java-4.7.1.jar;C:\Users\OpU N NiShi\.m2\repository\org\picocontainer\picocontainer\2.15\picocontainer-2.15.jar;C:\Users\OpU N NiShi\.m2\repository\net\masterthought\cucumber-reporting\4.7.0\cucumber-reporting-4.7.0.jar;C:\Users\OpU N NiShi\.m2\repository\com\fasterxml\jackson\core\jackson-databind\2.9.8\jackson-databind-2.9.8.jar;C:\Users\OpU N NiShi\.m2\repository\com\fasterxml\jackson\core\jackson-annotations\2.9.0\jackson-annotations-2.9.0.jar;C:\Users\OpU N NiShi\.m2\repository\com\fasterxml\jackson\core\jackson-core\2.9.8\jackson-core-2.9.8.jar;C:\Users\OpU N NiShi\.m2\repository\org\apache\velocity\velocity\1.7\velocity-1.7.jar;C:\Users\OpU N NiShi\.m2\repository\commons-collections\commons-collections\3.2.1\commons-collections-3.2.1.jar;C:\Users\OpU N NiShi\.m2\repository\commons-lang\commons-lang\2.4\commons-lang-2.4.jar;C:\Users\OpU N NiShi\.m2\repository\velocity-tools\velocity-tools\1.4\velocity-tools-1.4.jar;C:\Users\OpU N NiShi\.m2\repository\joda-time\joda-time\2.10.1\joda-time-2.10.1.jar;C:\Users\OpU N NiShi\.m2\repository\org\apache\commons\commons-lang3\3.8.1\commons-lang3-3.8.1.jar;C:\Users\OpU N NiShi\.m2\repository\commons-io\commons-io\2.6\commons-io-2.6.jar;C:\Users\OpU N NiShi\.m2\repository\org\codehaus\plexus\plexus-utils\3.1.1\plexus-utils-3.1.1.jar;C:\Users\OpU N NiShi\.m2\repository\org\jsoup\jsoup\1.11.3\jsoup-1.11.3.jar;C:\Users\OpU N NiShi\.m2\repository\com\googlecode\owasp-java-html-sanitizer\owasp-java-html-sanitizer\20190325.1\owasp-java-html-sanitizer-20190325.1.jar;C:\Users\OpU N NiShi\.m2\repository\com\google\guava\guava\27.1-jre\guava-27.1-jre.jar;C:\Users\OpU N NiShi\.m2\repository\com\google\guava\failureaccess\1.0.1\failureaccess-1.0.1.jar;C:\Users\OpU N NiShi\.m2\repository\com\google\guava\listenablefuture\9999.0-empty-to-avoid-conflict-with-guava\listenablefuture-9999.0-empty-to-avoid-conflict-with-guava.jar;C:\Users\OpU N NiShi\.m2\repository\com\google\code\findbugs\jsr305\3.0.2\jsr305-3.0.2.jar;C:\Users\OpU N NiShi\.m2\repository\org\checkerframework\checker-qual\2.5.2\checker-qual-2.5.2.jar;C:\Users\OpU N NiShi\.m2\repository\com\google\errorprone\error_prone_annotations\2.2.0\error_prone_annotations-2.2.0.jar;C:\Users\OpU N NiShi\.m2\repository\com\google\j2objc\j2objc-annotations\1.1\j2objc-annotations-1.1.jar;C:\Users\OpU N NiShi\.m2\repository\org\codehaus\mojo\animal-sniffer-annotations\1.17\animal-sniffer-annotations-1.17.jar;C:\Users\OpU N NiShi\.m2\repository\commons-configuration\commons-configuration\1.10\commons-configuration-1.10.jar;C:\Users\OpU N NiShi\.m2\repository\org\hamcrest\hamcrest-core\2.2\hamcrest-core-2.2.jar;"/>
    <property name="sun.cpu.endian" value="little"/>
    <property name="user.home" value="C:\Users\OpU N NiShi"/>
    <property name="user.language" value="en"/>
    <property name="java.specification.vendor" value="Oracle Corporation"/>
    <property name="java.version.date" value="2022-07-19"/>
    <property name="java.home" value="C:\Program Files\Java\jdk-11.0.16"/>
    <property name="file.separator" value="\"/>
    <property name="basedir" value="C:\Users\OpU N NiShi\eclipse-workspace\api-automation-practice-one"/>
    <property name="java.vm.compressedOopsMode" value="Zero based"/>
    <property name="line.separator" value="&#10;"/>
    <property name="java.specification.name" value="Java Platform API Specification"/>
    <property name="java.vm.specification.vendor" value="Oracle Corporation"/>
    <property name="java.awt.graphicsenv" value="sun.awt.Win32GraphicsEnvironment"/>
    <property name="surefire.real.class.path" value="C:\Users\OpU N NiShi\AppData\Local\Temp\surefire3596854516485779208\surefirebooter-20230108215132485_3.jar"/>
    <property name="user.script" value=""/>
    <property name="sun.management.compiler" value="HotSpot 64-Bit Tiered Compilers"/>
    <property name="java.runtime.version" value="11.0.16+11-LTS-199"/>
    <property name="user.name" value="OpU N NiShi"/>
    <property name="path.separator" value=";"/>
    <property name="os.version" value="10.0"/>
    <property name="java.runtime.name" value="Java(TM) SE Runtime Environment"/>
    <property name="file.encoding" value="Cp1252"/>
    <property name="java.vm.name" value="Java HotSpot(TM) 64-Bit Server VM"/>
    <property name="java.vendor.version" value="18.9"/>
    <property name="localRepository" value="C:\Users\OpU N NiShi\.m2\repository"/>
    <property name="java.vendor.url.bug" value="https://bugreport.java.com/bugreport/"/>
    <property name="java.io.tmpdir" value="C:\Users\OPUNNI~1\AppData\Local\Temp\"/>
    <property name="java.version" value="11.0.16"/>
    <property name="user.dir" value="C:\Users\OpU N NiShi\eclipse-workspace\api-automation-practice-one"/>
    <property name="os.arch" value="amd64"/>
    <property name="java.vm.specification.name" value="Java Virtual Machine Specification"/>
    <property name="java.awt.printerjob" value="sun.awt.windows.WPrinterJob"/>
    <property name="sun.os.patch.level" value=""/>
    <property name="java.library.path" value="C:\Program Files\Java\jdk-11.0.16\bin;C:\WINDOWS\Sun\Java\bin;C:\WINDOWS\system32;C:\WINDOWS;C:/Program Files/Java/jdk-11.0.16/bin/server;C:/Program Files/Java/jdk-11.0.16/bin;C:\Program Files\Common Files\Oracle\Java\javapath;C:\app\Oracle.Base\product\11.2.0\dbhome_1\bin;C:\Users\Public\bin;C:\Users\.oracle\product\11.2.0\dbhome_1\bin;C:\Program Files (x86)\Intel\iCLS Client\;C:\Program Files\Intel\iCLS Client\;C:\WINDOWS\system32;C:\WINDOWS;C:\WINDOWS\System32\Wbem;&quot;C:\WINDOWS\System32\WindowsPowerShell\v1.0\;C:\Program Files\Java\jdk\bin;C:\Program Files\Java\jre\bin&quot;;C:\Program Files (x86)\Intel\Intel(R) Management Engine Components\DAL;C:\Program Files\Intel\Intel(R) Management Engine Components\DAL;C:\Program Files (x86)\Intel\Intel(R) Management Engine Components\IPT;C:\Program Files\Intel\Intel(R) Management Engine Components\IPT;C:\WINDOWS\System32\OpenSSH\;C:\Program Files\Intel\WiFi\bin\;C:\Program Files\Common Files\Intel\WirelessCommon\;C:\WINDOWS\System32\WindowsPowerShell\v1.0\;C:\Program Files\nodejs\;c:\WINDOWS\System32\WBem;C:\Program Files\Java\jdk-11.0.16\bin;C:\Program Files\apache-maven-3.8.6\bin;C:\Program Files\Git\cmd;C:\Program Files\MySQL\MySQL Shell 8.0\bin\;C:\Users\OpU N NiShi\AppData\Local\Microsoft\WindowsApps;C:\Users\OpU N NiShi\AppData\Roaming\npm;;C:\Users\OpU N NiShi\Desktop;;."/>
    <property name="java.vendor" value="Oracle Corporation"/>
    <property name="java.vm.info" value="mixed mode"/>
    <property name="java.vm.version" value="11.0.16+11-LTS-199"/>
    <property name="sun.io.unicode.encoding" value="UnicodeLittle"/>
    <property name="java.class.version" value="55.0"/>
  </properties>
  <testcase name="runScenario[&quot;&quot;, &quot;Testing API create function&quot;](1)" classname="com.cucumber.test.CucumberRunner" time="4.193">
    <system-out><![CDATA[{
    "args": {
        
    },
    "data": "{\"Batch\":\"29\"}",
    "files": {
        
    },
    "form": {
        
    },
    "headers": {
        "Accept": "*/*",
        "Accept-Encoding": "gzip,deflate",
        "Content-Length": "14",
        "Content-Type": "application/json; charset=UTF-8",
        "Host": "httpbin.org",
        "User-Agent": "Apache-HttpClient/4.5.3 (Java/11.0.16)",
        "X-Amzn-Trace-Id": "Root=1-63bb813a-4d8cd6a6756edd114dc93868"
    },
    "json": {
        "Batch": "29"
    },
    "origin": "69.206.234.169",
    "url": "https://httpbin.org/post"
}
{
    "args": {
        
    },
    "data": "{\"Batch\":\"29\"}",
    "files": {
        
    },
    "form": {
        
    },
    "headers": {
        "Accept": "*/*",
        "Accept-Encoding": "gzip,deflate",
        "Content-Length": "14",
        "Content-Type": "application/json; charset=UTF-8",
        "Host": "httpbin.org",
        "User-Agent": "Apache-HttpClient/4.5.3 (Java/11.0.16)",
        "X-Amzn-Trace-Id": "Root=1-63bb813a-4d8cd6a6756edd114dc93868"
    },
    "json": {
        "Batch": "29"
    },
    "origin": "69.206.234.169",
    "url": "https://httpbin.org/post"
}
]]></system-out>
    <system-err><![CDATA[Jan 08, 2023 9:51:34 PM cucumber.runtime.java.ObjectFactoryLoader loadSingleObjectFactory
INFO: Loading ObjectFactory via service loader: io.cucumber.picocontainer.PicoFactory
]]></system-err>
  </testcase>
</testsuite>