<?xml version="1.0" encoding="UTF-8"?>
<!-- Generated by org.testng.reporters.JUnitReportReporter -->
<testsuite hostname="DESKTOP-1A0K5DH" failures="0" tests="1" name="com.curd.function.test.one.Update" time="3.040" errors="0" timestamp="2023-01-03T21:26:44 EST" skipped="0">
  <testcase classname="com.curd.function.test.one.Update" name="put" time="3.040"/>
  <system-out/>
</testsuite> <!-- com.curd.function.test.one.Update -->
