<?xml version="1.0" encoding="UTF-8"?>
<!-- Generated by org.testng.reporters.JUnitReportReporter -->
<testsuite hostname="DESKTOP-1A0K5DH" failures="0" tests="4" name="com.api.test.run.ApiTestRunWithTestNG" time="4.646" errors="0" timestamp="2023-01-08T00:21:19 EST" skipped="0">
  <testcase classname="com.api.test.run.ApiTestRunWithTestNG" name="getDeleteTest" time="0.219"/>
  <system-out/>
  <testcase classname="com.api.test.run.ApiTestRunWithTestNG" name="getPostTest" time="3.709"/>
  <system-out/>
  <testcase classname="com.api.test.run.ApiTestRunWithTestNG" name="getUpdateTest" time="0.265"/>
  <system-out/>
  <testcase classname="com.api.test.run.ApiTestRunWithTestNG" name="getReadTest" time="0.453"/>
  <system-out/>
</testsuite> <!-- com.api.test.run.ApiTestRunWithTestNG -->
