<?xml version="1.0" encoding="UTF-8"?>
<!-- Generated by org.testng.reporters.JUnitReportReporter -->
<testsuite hostname="DESKTOP-1A0K5DH" failures="0" tests="1" name="com.api.test.run.FinalPostTestRun" time="4.544" errors="0" timestamp="2023-01-08T21:31:53 EST" skipped="0">
  <testcase classname="com.api.test.run.FinalPostTestRun" name="postTestCases" time="4.544"/>
  <system-out/>
</testsuite> <!-- com.api.test.run.FinalPostTestRun -->
