<?xml version="1.0" encoding="UTF-8"?>
<!-- Generated by org.testng.reporters.JUnitReportReporter -->
<testsuite hostname="DESKTOP-1A0K5DH" failures="0" tests="1" name="com.curd.function.test.one.Create" time="3.310" errors="0" timestamp="2023-01-08T00:10:27 EST" skipped="0">
  <testcase classname="com.curd.function.test.one.Create" name="post" time="3.310"/>
  <system-out/>
</testsuite> <!-- com.curd.function.test.one.Create -->
