<?xml version="1.0" encoding="UTF-8"?>
<!-- Generated by org.testng.reporters.JUnitReportReporter -->
<testsuite hostname="DESKTOP-1A0K5DH" failures="0" tests="1" name="com.cucumber.test.CucumberRunner" time="4.488" errors="0" timestamp="2023-01-08T21:47:48 EST" skipped="0">
  <testcase classname="com.cucumber.test.CucumberRunner" name="runScenario" time="4.488"/>
  <system-out/>
</testsuite> <!-- com.cucumber.test.CucumberRunner -->
